<?xml version="1.0" encoding="UTF-8"?>
<!-- Generated by org.testng.reporters.JUnitXMLReporter -->
<testsuite ignored="0" hostname="DESKTOP-PQVIB8A" failures="0" tests="3" name="Default test" time="0.353" errors="0" timestamp="2021-03-01T17:56:53 IST">
  <testcase classname="qsp.Demo1" name="createcustomer" time="0.065"/>
  <testcase classname="qsp.Demo1" name="deletecustomer" time="0.009"/>
  <testcase classname="qsp.Demo1" name="modifycustomer" time="0.007"/>
</testsuite> <!-- Default test -->
