<?xml version="1.0" encoding="UTF-8"?>
<!-- Generated by org.testng.reporters.JUnitXMLReporter -->
<testsuite ignored="0" hostname="DESKTOP-PQVIB8A" failures="0" tests="11" name="Test" time="0.784" errors="0" timestamp="2021-03-01T18:17:17 IST">
  <testcase classname="qsp.Demo1" name="createcustomer" time="0.07"/>
  <testcase classname="qsp.Demo1" name="deletecustomer" time="0.009"/>
  <testcase classname="qsp.Demo1" name="modifycustomer" time="0.005"/>
  <testcase classname="qsp.Demo2" name="createproject" time="0.022"/>
  <testcase classname="qsp.Demo2" name="deleteproject" time="0.005"/>
  <testcase classname="qsp.Demo2" name="modifyproject" time="0.019"/>
  <testcase classname="qsp.Demo" name="createcustomer" time="0.005"/>
  <testcase classname="qsp.Demo" name="createcustomer" time="0.004"/>
  <testcase classname="qsp.Demo" name="createcustomer" time="0.007"/>
  <testcase classname="qsp.Demo" name="deletecustomer" time="0.004"/>
  <testcase classname="qsp.Demo" name="modifycustomer" time="0.004"/>
</testsuite> <!-- Test -->
